DiagnosticsPluginLauncher.exe Information: 0 : [1.6.2024. 23:01:18] At least one other instance of the launcher is running. Will wait until they all finish
DiagnosticsPluginLauncher.exe Information: 0 : [1.6.2024. 23:01:18] Service running in Emulator Mode, will not wait/kill other instances of the launcher
DiagnosticsPluginLauncher.exe Information: 0 : [1.6.2024. 23:01:18] Emulator config file set to C:\Users\Jovan\Desktop\Cloud_Projekat\Cloud-in-smart-grids\RedditProject\Reddit\Reddit\csx\Debug\roles\NotificationService\approot\diagnostics.wadcfgx
DiagnosticsPluginLauncher.exe Information: 0 : [1.6.2024. 23:01:18] DiagnosticsStoreRootPath set to: C:\Users\Jovan\Desktop\Cloud_Projekat\Cloud-in-smart-grids\RedditProject\Reddit\Reddit\csx\Debug\roles\NotificationService\approot
DiagnosticsPluginLauncher.exe Information: 0 : [1.6.2024. 23:01:18] Loading config file: C:\Users\Jovan\Desktop\Cloud_Projekat\Cloud-in-smart-grids\RedditProject\Reddit\Reddit\csx\Debug\roles\NotificationService\approot\diagnostics.wadcfgx
DiagnosticsPluginLauncher.exe Information: 0 : [1.6.2024. 23:01:18] Config file to read: C:\Users\Jovan\Desktop\Cloud_Projekat\Cloud-in-smart-grids\RedditProject\Reddit\Reddit\csx\Debug\roles\NotificationService\approot\diagnostics.wadcfgx
DiagnosticsPluginLauncher.exe Information: 0 : [1.6.2024. 23:01:18] Checking VM Type
DiagnosticsPluginLauncher.exe Information: 0 : [1.6.2024. 23:01:18] Emulator config file set to C:\Users\Jovan\Desktop\Cloud_Projekat\Cloud-in-smart-grids\RedditProject\Reddit\Reddit\csx\Debug\roles\NotificationService\approot\diagnostics.wadcfgx
DiagnosticsPluginLauncher.exe Information: 0 : [1.6.2024. 23:01:18] Extension set to Emulator Mode
DiagnosticsPluginLauncher.exe Information: 0 : [1.6.2024. 23:01:18] Reading XML configuration file
DiagnosticsPluginLauncher.exe Information: 0 : [1.6.2024. 23:01:18] Bypassing private config decryption
DiagnosticsPluginLauncher.exe Information: 0 : [1.6.2024. 23:01:18] Stopping the running plugin, if any
DiagnosticsPluginLauncher.exe Information: 0 : [1.6.2024. 23:01:18] Found a MonAgentHost.exe. WadArguments: "C:\Users\Jovan\Desktop\Cloud_Projekat\Cloud-in-smart-grids\RedditProject\Reddit\Reddit\csx\Debug\roles\HealthStatusService\plugins\Diagnostics\Monitor\x64\MonAgentHost.exe" -LocalPath "C:\Users\Jovan\Desktop\Cloud_Projekat\Cloud-in-smart-grids\RedditProject\Reddit\Reddit\csx\Debug\roles\HealthStatusService\approot\WAD0105"  -ConfigFile "C:\Users\Jovan\Desktop\Cloud_Projekat\Cloud-in-smart-grids\RedditProject\Reddit\Reddit\csx\Debug\roles\HealthStatusService\approot\WAD0105\Configuration\MaConfig.xml" -ShutDownEvent WADDM-ShutDown-32f55d155d7c4219a48731c8df3ac761  -TotalShutDownEvent WADDM-TotalShutDown-32f55d155d7c4219a48731c8df3ac761 -InitializedEvent WADM-StartUp-32f55d155d7c4219a48731c8df3ac761 -parent 24936 -events -wadVer1v5 -UseProxyServer -XStoreAccounts WadAccount#true#devstoreaccount1#Eby8vdM02xNOcqFlqUwJPLlmEtlCDXJ1OUzFT50uSRZ6IFsuFq2UVErCz4I6tq/K1SZFPTOtr/KBHBeksoGMGw==#http://127.0.0.1:10002#http://127.0.0.1:10001#http://127.0.0.1:10000.
DiagnosticsPluginLauncher.exe Information: 0 : [1.6.2024. 23:01:18] Found a MonAgentHost.exe. WadArguments: "C:\Users\Jovan\Desktop\Cloud_Projekat\Cloud-in-smart-grids\RedditProject\Reddit\Reddit\csx\Debug\roles\HealthMonitoringService\plugins\Diagnostics\Monitor\x64\MonAgentHost.exe" -LocalPath "C:\Users\Jovan\Desktop\Cloud_Projekat\Cloud-in-smart-grids\RedditProject\Reddit\Reddit\csx\Debug\roles\HealthMonitoringService\approot\WAD0105"  -ConfigFile "C:\Users\Jovan\Desktop\Cloud_Projekat\Cloud-in-smart-grids\RedditProject\Reddit\Reddit\csx\Debug\roles\HealthMonitoringService\approot\WAD0105\Configuration\MaConfig.xml" -ShutDownEvent WADDM-ShutDown-d31bcdc4fdce469ea7d3de86f02e8458  -TotalShutDownEvent WADDM-TotalShutDown-d31bcdc4fdce469ea7d3de86f02e8458 -InitializedEvent WADM-StartUp-d31bcdc4fdce469ea7d3de86f02e8458 -parent 22904 -events -wadVer1v5 -UseProxyServer -XStoreAccounts WadAccount#true#devstoreaccount1#Eby8vdM02xNOcqFlqUwJPLlmEtlCDXJ1OUzFT50uSRZ6IFsuFq2UVErCz4I6tq/K1SZFPTOtr/KBHBeksoGMGw==#http://127.0.0.1:10002#http://127.0.0.1:10001#http://127.0.0.1:10000.
DiagnosticsPluginLauncher.exe Information: 0 : [1.6.2024. 23:01:18] Found a DiagnosticsPlugin.exe. WadArguments: "C:\Users\Jovan\Desktop\Cloud_Projekat\Cloud-in-smart-grids\RedditProject\Reddit\Reddit\csx\Debug\roles\HealthStatusService\plugins\Diagnostics\DiagnosticsPlugin.exe" DiagnosticPlugin-ShutdownEvent DiagnosticPlugin-TotalShutdownEvent -wadVer1v5.
DiagnosticsPluginLauncher.exe Information: 0 : [1.6.2024. 23:01:18] Found a DiagnosticsPlugin.exe. WadArguments: "C:\Users\Jovan\Desktop\Cloud_Projekat\Cloud-in-smart-grids\RedditProject\Reddit\Reddit\csx\Debug\roles\HealthMonitoringService\plugins\Diagnostics\DiagnosticsPlugin.exe" DiagnosticPlugin-ShutdownEvent DiagnosticPlugin-TotalShutdownEvent -wadVer1v5.
DiagnosticsPluginLauncher.exe Information: 0 : [1.6.2024. 23:01:18] Found a DiagnosticsPlugin.exe. WadArguments: "C:\Users\Jovan\Desktop\Cloud_Projekat\Cloud-in-smart-grids\RedditProject\Reddit\Reddit\csx\Debug\roles\HealthMonitoringService\plugins\Diagnostics\DiagnosticsPlugin.exe" DiagnosticPlugin-ShutdownEvent DiagnosticPlugin-TotalShutdownEvent -wadVer1v5.
DiagnosticsPluginLauncher.exe Information: 0 : [1.6.2024. 23:01:18] Loading config file: C:\Users\Jovan\Desktop\Cloud_Projekat\Cloud-in-smart-grids\RedditProject\Reddit\Reddit\csx\Debug\roles\NotificationService\approot\diagnostics.wadcfgx
DiagnosticsPluginLauncher.exe Information: 0 : [1.6.2024. 23:01:18] Config file to read: C:\Users\Jovan\Desktop\Cloud_Projekat\Cloud-in-smart-grids\RedditProject\Reddit\Reddit\csx\Debug\roles\NotificationService\approot\diagnostics.wadcfgx
DiagnosticsPluginLauncher.exe Information: 0 : [1.6.2024. 23:01:18] Reading XML configuration file
DiagnosticsPluginLauncher.exe Information: 0 : [1.6.2024. 23:01:19] Bypassing private config decryption
DiagnosticsPluginLauncher.exe Information: 0 : [1.6.2024. 23:01:19] Found a running wad2 MA not sharing the same local directory
DiagnosticsPluginLauncher.exe Information: 0 : [1.6.2024. 23:01:19] Found a running wad2 MA not sharing the same local directory
DiagnosticsPluginLauncher.exe Information: 0 : [1.6.2024. 23:01:19] Killing any DiagnosticsPlugin that might remain.
DiagnosticsPluginLauncher.exe Information: 0 : [1.6.2024. 23:01:19] Found a DiagnosticsPlugin.exe. WadArguments: "C:\Users\Jovan\Desktop\Cloud_Projekat\Cloud-in-smart-grids\RedditProject\Reddit\Reddit\csx\Debug\roles\HealthStatusService\plugins\Diagnostics\DiagnosticsPlugin.exe" DiagnosticPlugin-ShutdownEvent DiagnosticPlugin-TotalShutdownEvent -wadVer1v5.
DiagnosticsPluginLauncher.exe Information: 0 : [1.6.2024. 23:02:19] Forcefully terminated DiagnosticsPlugin.exe process with pid 24936
DiagnosticsPluginLauncher.exe Information: 0 : [1.6.2024. 23:02:19] Found a DiagnosticsPlugin.exe. WadArguments: "C:\Users\Jovan\Desktop\Cloud_Projekat\Cloud-in-smart-grids\RedditProject\Reddit\Reddit\csx\Debug\roles\HealthMonitoringService\plugins\Diagnostics\DiagnosticsPlugin.exe" DiagnosticPlugin-ShutdownEvent DiagnosticPlugin-TotalShutdownEvent -wadVer1v5.
DiagnosticsPluginLauncher.exe Information: 0 : [1.6.2024. 23:03:19] Forcefully terminated DiagnosticsPlugin.exe process with pid 12684
DiagnosticsPluginLauncher.exe Information: 0 : [1.6.2024. 23:03:19] Found a DiagnosticsPlugin.exe. WadArguments: "C:\Users\Jovan\Desktop\Cloud_Projekat\Cloud-in-smart-grids\RedditProject\Reddit\Reddit\csx\Debug\roles\HealthMonitoringService\plugins\Diagnostics\DiagnosticsPlugin.exe" DiagnosticPlugin-ShutdownEvent DiagnosticPlugin-TotalShutdownEvent -wadVer1v5.
DiagnosticsPluginLauncher.exe Information: 0 : [1.6.2024. 23:03:26] Killing any MonAgentHost that might remain.
DiagnosticsPluginLauncher.exe Information: 0 : [1.6.2024. 23:03:27] Diagnostics plugin stopped successfully
DiagnosticsPluginLauncher.exe Information: 0 : [1.6.2024. 23:03:27] Resetting DiagnosticPlugin
DiagnosticsPluginLauncher.exe Information: 0 : [1.6.2024. 23:04:37] DiagnosticsPlugin launched successfully with new configuration
DiagnosticsPluginLauncher.exe Information: 0 : [1.6.2024. 23:04:37] DiagnosticPlugin exited with code 0
